c:\nishimura\minesweeper\minesweeper\debug\vc140.pdb
c:\nishimura\minesweeper\minesweeper\debug\vc140.idb
c:\nishimura\minesweeper\minesweeper\debug\bomb.obj
c:\nishimura\minesweeper\minesweeper\debug\dangerousspace.obj
c:\nishimura\minesweeper\minesweeper\debug\gameclear.obj
c:\nishimura\minesweeper\minesweeper\debug\gameover.obj
c:\nishimura\minesweeper\minesweeper\debug\initialize.obj
c:\nishimura\minesweeper\minesweeper\debug\main.obj
c:\nishimura\minesweeper\minesweeper\debug\mouselistener.obj
c:\nishimura\minesweeper\minesweeper\debug\playmode.obj
c:\nishimura\minesweeper\minesweeper\debug\safespace.obj
c:\nishimura\minesweeper\minesweeper\debug\tablecontroller.obj
c:\nishimura\minesweeper\minesweeper\debug\tile.obj
c:\nishimura\minesweeper\debug\minesweeper.ilk
c:\nishimura\minesweeper\debug\minesweeper.exe
c:\nishimura\minesweeper\debug\minesweeper.pdb
c:\nishimura\minesweeper\minesweeper\debug\minesweeper.tlog\cl.command.1.tlog
c:\nishimura\minesweeper\minesweeper\debug\minesweeper.tlog\cl.read.1.tlog
c:\nishimura\minesweeper\minesweeper\debug\minesweeper.tlog\cl.write.1.tlog
c:\nishimura\minesweeper\minesweeper\debug\minesweeper.tlog\link.command.1.tlog
c:\nishimura\minesweeper\minesweeper\debug\minesweeper.tlog\link.read.1.tlog
c:\nishimura\minesweeper\minesweeper\debug\minesweeper.tlog\link.write.1.tlog
